<?xml version="1.0" encoding="UTF-8"?>
<testsuite name="Scenario: Technical test" tests="5" skipped="0" failures="0" errors="0" timestamp="2022-07-26T16:11:48" hostname="MASTER-RACER" time="595.125">
  <properties/>
  <testcase name="Given We are on the BlankFactor main page" classname="Scenario: Technical test" time="0.0"/>
  <testcase name="When When we go to the blog section and search for a blog" classname="Scenario: Technical test" time="0.0"/>
  <testcase name="Then Validate that the page loaded is correct" classname="Scenario: Technical test" time="0.0"/>
  <testcase name="And We subscribe by entering an email" classname="Scenario: Technical test" time="0.0"/>
  <testcase name="classMethod" classname="Scenario: Technical test" time="601.88"/>
  <system-out><![CDATA[2022-jul-26 11:11:41 [Test] INFO  : ============================ Start Test ==============================
2022-jul-26 11:11:47 [Test] INFO  : Opening URL BlankFactor
2022-jul-26 11:11:48 [Test] INFO  : The home page loaded correctly
]]></system-out>
  <system-err><![CDATA[SLF4J: Failed to load class "org.slf4j.impl.StaticLoggerBinder".
SLF4J: Defaulting to no-operation (NOP) logger implementation
SLF4J: See http://www.slf4j.org/codes.html#StaticLoggerBinder for further details.
Starting Microsoft Edge WebDriver 103.0.1264.71 (1f7a1d165042010b399db54bd56390dd47e15013) on port 52098
To submit feedback, report a bug, or suggest new features, please visit https://github.com/MicrosoftEdge/EdgeWebDriver

Only local connections are allowed.
Please see https://aka.ms/WebDriverSecurity for suggestions on keeping Microsoft Edge WebDriver safe.

Microsoft Edge WebDriver was started successfully.
jul 26, 2022 11:11:45 A. M. org.openqa.selenium.remote.ProtocolHandshake createSession
INFO: Detected upstream dialect: W3C
jul 26, 2022 11:11:45 A. M. org.openqa.selenium.devtools.CdpVersionFinder findNearestMatch
WARNING: Unable to find an exact match for CDP version 103, so returning the closest version found: 102
jul 26, 2022 11:11:45 A. M. org.openqa.selenium.devtools.CdpVersionFinder findNearestMatch
INFO: Found CDP implementation for version 103 of 102
]]></system-err>
</testsuite>
