<?xml version="1.0" encoding="UTF-8"?>
<testsuite name="Scenario: Technical test" tests="5" skipped="0" failures="0" errors="0" timestamp="2022-07-26T19:03:15" hostname="MASTER-RACER" time="30.565">
  <properties/>
  <testcase name="Given We are on the BlankFactor main page" classname="Scenario: Technical test" time="0.0"/>
  <testcase name="When When we go to the blog section and search for a blog" classname="Scenario: Technical test" time="0.0"/>
  <testcase name="Then Validate that the page loaded is correct" classname="Scenario: Technical test" time="0.0"/>
  <testcase name="And We subscribe by entering an email" classname="Scenario: Technical test" time="0.0"/>
  <testcase name="classMethod" classname="Scenario: Technical test" time="35.73"/>
  <system-out><![CDATA[2022-jul-26 14:03:10 [Test] INFO  : ============================ Start Test ==============================
2022-jul-26 14:03:15 [Test] INFO  : Opening URL BlankFactor
2022-jul-26 14:03:15 [Test] INFO  : The home page loaded correctly
]]></system-out>
  <system-err><![CDATA[SLF4J: Failed to load class "org.slf4j.impl.StaticLoggerBinder".
SLF4J: Defaulting to no-operation (NOP) logger implementation
SLF4J: See http://www.slf4j.org/codes.html#StaticLoggerBinder for further details.
Starting ChromeDriver 103.0.5060.134 (8ec6fce403b3feb0869b0732eda8bd95011d333c-refs/branch-heads/5060@{#1262}) on port 62525
Only local connections are allowed.
Please see https://chromedriver.chromium.org/security-considerations for suggestions on keeping ChromeDriver safe.
ChromeDriver was started successfully.
jul 26, 2022 2:03:12 P. M. org.openqa.selenium.remote.ProtocolHandshake createSession
INFO: Detected upstream dialect: W3C
jul 26, 2022 2:03:12 P. M. org.openqa.selenium.devtools.CdpVersionFinder findNearestMatch
WARNING: Unable to find an exact match for CDP version 103, so returning the closest version found: 102
jul 26, 2022 2:03:12 P. M. org.openqa.selenium.devtools.CdpVersionFinder findNearestMatch
INFO: Found CDP implementation for version 103 of 102
]]></system-err>
</testsuite>
